Warning: Permanently added 'ec2-52-25-184-255.us-west-2.compute.amazonaws.com,52.25.184.255' (ECDSA) to the list of known hosts.
Warning: Permanently added the RSA host key for IP address '192.30.253.113' to the list of known hosts.
From github.com:bw4sz/Occupy
   24fe565..2c40f67  master     -> origin/master
Your configuration specifies to merge with the ref 'i-287319f5'
from the remote, but no such ref was fetched.
Switched to a new branch 'i-cb462c16'
[i-cb462c16 a7475df] ec2 run complete
 1 file changed, 55 insertions(+), 3 deletions(-)
To git@github.com:bw4sz/Occupy.git
 * [new branch]      i-cb462c16 -> i-cb462c16
Branch i-cb462c16 set up to track remote branch i-cb462c16 from origin.
Warning: Permanently added 'ec2-52-11-242-9.us-west-2.compute.amazonaws.com,52.11.242.9' (ECDSA) to the list of known hosts.
Your branch is up-to-date with 'origin/master'.
Switched to branch 'master'
From github.com:bw4sz/Occupy
   24fe565..ea778f1  master     -> origin/master
Updating 24fe565..ea778f1
Fast-forward
 .Rhistory                             |   834 +-
 Amazon/Functions.R                    |   111 -
 Amazon/Job.bash                       |     3 +-
 Amazon/Startup.bash                   |     2 +-
 Amazon/hostnames.txt                  |     1 -
 Amazon/nohup.out                      |    36 +
 Amazon/out.txt                        |   138 -
 InputData/FlowerTransectClean.csv     | 39527 +++++++++++++++++---------------
 InputData/HummingbirdInteractions.csv |  2623 +++
 Observed.Rmd                          |     9 +-
 10 files changed, 23849 insertions(+), 19435 deletions(-)
 delete mode 100644 Amazon/Functions.R
 delete mode 100644 Amazon/hostnames.txt
 delete mode 100644 Amazon/out.txt
 create mode 100644 InputData/HummingbirdInteractions.csv
Switched to a new branch 'i-605832bd'
[i-605832bd efdc754] ec2 run complete
 1 file changed, 98 insertions(+)
 create mode 100644 run.txt
To git@github.com:bw4sz/Occupy.git
 * [new branch]      i-605832bd -> i-605832bd
Branch i-605832bd set up to track remote branch i-605832bd from origin.
